\BOOKMARK [0][-]{section*.2}{\315ndice general}{}% 1
\BOOKMARK [0][-]{section*.3}{Índice de figuras}{}% 2
\BOOKMARK [0][-]{section*.4}{Índice de tablas}{}% 3
\BOOKMARK [0][-]{chapter.0}{PEC3 - Desarrollo del trabajo - Fase 2}{}% 4
\BOOKMARK [1][-]{section.0.1}{Identificación del trabajo y fecha del informe}{chapter.0}% 5
\BOOKMARK [1][-]{section.0.2}{Avance del proyecto}{chapter.0}% 6
\BOOKMARK [1][-]{section.0.3}{Relación de las actividades realizadas}{chapter.0}% 7
\BOOKMARK [1][-]{section.0.4}{Desviaciones y acciones de mitigación}{chapter.0}% 8
\BOOKMARK [1][-]{section.0.5}{Resultados parciales obtenidos}{chapter.0}% 9
\BOOKMARK [1][-]{section.0.6}{Comentarios de los directores del TFM}{chapter.0}% 10
\BOOKMARK [0][-]{chapter.1}{Introducción}{}% 11
\BOOKMARK [1][-]{section.1.1}{Contexto y justificación del trabajo}{chapter.1}% 12
\BOOKMARK [1][-]{section.1.2}{Objetivos del trabajo}{chapter.1}% 13
\BOOKMARK [1][-]{section.1.3}{Enfoque y método seguido}{chapter.1}% 14
\BOOKMARK [1][-]{section.1.4}{Planificación del trabajo}{chapter.1}% 15
\BOOKMARK [1][-]{section.1.5}{Hitos}{chapter.1}% 16
\BOOKMARK [1][-]{section.1.6}{Desviaciones en la planificación y acciones de mitigación}{chapter.1}% 17
\BOOKMARK [1][-]{section.1.7}{Análisis de riesgos}{chapter.1}% 18
\BOOKMARK [1][-]{section.1.8}{Breve sumario de productos obtenidos}{chapter.1}% 19
\BOOKMARK [1][-]{section.1.9}{Comentarios de los directores del TFM}{chapter.1}% 20
\BOOKMARK [1][-]{section.1.10}{Descripción de otros capítulos}{chapter.1}% 21
\BOOKMARK [0][-]{chapter.2}{Estado del arte}{}% 22
\BOOKMARK [1][-]{section.2.1}{Contexto biotecnológico}{chapter.2}% 23
\BOOKMARK [1][-]{section.2.2}{Estadística multivariante aplicada a estudios GWAS basados en datos RNA-seq}{chapter.2}% 24
\BOOKMARK [2][-]{subsection.2.2.1}{Métodos univariantes y bivariantes}{section.2.2}% 25
\BOOKMARK [2][-]{subsection.2.2.2}{Métodos multivariantes: características y aplicaciones}{section.2.2}% 26
\BOOKMARK [1][-]{section.2.3}{El modelo PERMANOVA}{chapter.2}% 27
\BOOKMARK [1][-]{section.2.4}{MANTA - Una implementación de la versión asintótica y no paramétrica de PERMANOVA}{chapter.2}% 28
\BOOKMARK [0][-]{chapter.3}{Metodología y Resultados}{}% 29
\BOOKMARK [1][-]{section.3.1}{Objetivos finales del estudio}{chapter.3}% 30
\BOOKMARK [1][-]{section.3.2}{Metodología}{chapter.3}% 31
\BOOKMARK [1][-]{section.3.3}{Exposición de los resultados obtenidos}{chapter.3}% 32
\BOOKMARK [2][-]{subsection.3.3.1}{Resultados del primer objetivo}{section.3.3}% 33
\BOOKMARK [2][-]{subsection.3.3.2}{Resultados del segundo objetivo}{section.3.3}% 34
\BOOKMARK [0][-]{chapter.4}{Discusión}{}% 35
\BOOKMARK [0][-]{chapter.5}{Conclusiones y trabajos futuros}{}% 36
\BOOKMARK [1][-]{section.5.1}{Conclusiones}{chapter.5}% 37
\BOOKMARK [1][-]{section.5.2}{Líneas de futuro}{chapter.5}% 38
\BOOKMARK [1][-]{section.5.3}{Seguimiento de la planificación}{chapter.5}% 39
\BOOKMARK [0][-]{section*.32}{Glosario}{}% 40
\BOOKMARK [0][-]{chapter*.34}{Referencias}{}% 41
\BOOKMARK [0][-]{appendix.Alph1}{Anexo de tablas}{}% 42
\BOOKMARK [0][-]{appendix.Alph2}{Anexo de figuras}{}% 43
